2017-01-12 15:22:25,054 [XNIO-1 task-11] INFO  fb-bot.env - 
-=[fb-bot has shut down successfully]=- 
2017-01-12 15:22:25,199 [XNIO-1 task-11] INFO  fb-bot.env - 
-=[fb-bot started successfully using the development profile]=- 
2017-01-12 15:24:52,515 [XNIO-1 task-13] INFO  fb-bot.env - 
-=[fb-bot has shut down successfully]=- 
2017-01-12 15:24:52,523 [XNIO-1 task-13] INFO  fb-bot.env - 
-=[fb-bot started successfully using the development profile]=- 
2017-01-12 15:29:52,480 [XNIO-1 task-14] INFO  fb-bot.env - 
-=[fb-bot has shut down successfully]=- 
2017-01-12 15:29:52,486 [XNIO-1 task-14] INFO  fb-bot.env - 
-=[fb-bot started successfully using the development profile]=- 
2017-01-12 15:30:48,492 [XNIO-1 task-8] INFO  fb-bot.env - 
-=[fb-bot has shut down successfully]=- 
2017-01-12 15:30:48,498 [XNIO-1 task-8] INFO  fb-bot.env - 
-=[fb-bot started successfully using the development profile]=- 
2017-01-12 15:32:03,469 [XNIO-1 task-9] INFO  fb-bot.env - 
-=[fb-bot has shut down successfully]=- 
2017-01-12 15:32:03,473 [XNIO-1 task-9] INFO  fb-bot.env - 
-=[fb-bot started successfully using the development profile]=- 
2017-01-12 15:36:00,943 [XNIO-1 task-11] INFO  fb-bot.env - 
-=[fb-bot has shut down successfully]=- 
2017-01-12 15:36:00,947 [XNIO-1 task-11] INFO  fb-bot.env - 
-=[fb-bot started successfully using the development profile]=- 
2017-01-12 15:36:22,991 [XNIO-1 task-12] INFO  fb-bot.env - 
-=[fb-bot has shut down successfully]=- 
2017-01-12 15:36:22,994 [XNIO-1 task-12] INFO  fb-bot.env - 
-=[fb-bot started successfully using the development profile]=- 
2017-01-12 15:37:49,103 [XNIO-1 task-13] INFO  fb-bot.env - 
-=[fb-bot has shut down successfully]=- 
2017-01-12 15:37:49,106 [XNIO-1 task-13] INFO  fb-bot.env - 
-=[fb-bot started successfully using the development profile]=- 
2017-01-12 15:42:42,631 [XNIO-1 task-14] INFO  fb-bot.env - 
-=[fb-bot has shut down successfully]=- 
2017-01-12 15:42:42,638 [XNIO-1 task-14] INFO  fb-bot.env - 
-=[fb-bot started successfully using the development profile]=- 
2017-01-12 15:43:05,361 [XNIO-1 task-2] INFO  fb-bot.env - 
-=[fb-bot has shut down successfully]=- 
2017-01-12 15:43:05,363 [XNIO-1 task-2] INFO  fb-bot.env - 
-=[fb-bot started successfully using the development profile]=- 
2017-01-12 15:43:28,757 [XNIO-1 task-5] INFO  fb-bot.env - 
-=[fb-bot has shut down successfully]=- 
2017-01-12 15:43:28,759 [XNIO-1 task-5] INFO  fb-bot.env - 
-=[fb-bot started successfully using the development profile]=- 
2017-01-12 15:43:58,678 [XNIO-1 task-6] INFO  fb-bot.env - 
-=[fb-bot has shut down successfully]=- 
2017-01-12 15:43:58,679 [XNIO-1 task-6] INFO  fb-bot.env - 
-=[fb-bot started successfully using the development profile]=- 
2017-01-12 15:45:03,862 [XNIO-1 task-7] INFO  fb-bot.env - 
-=[fb-bot has shut down successfully]=- 
2017-01-12 15:45:03,865 [XNIO-1 task-7] INFO  fb-bot.env - 
-=[fb-bot started successfully using the development profile]=- 
2017-01-12 15:45:45,688 [XNIO-1 task-8] INFO  fb-bot.env - 
-=[fb-bot has shut down successfully]=- 
2017-01-12 15:45:45,723 [XNIO-1 task-8] INFO  fb-bot.env - 
-=[fb-bot started successfully using the development profile]=- 
2017-01-12 15:46:24,371 [XNIO-1 task-9] INFO  fb-bot.env - 
-=[fb-bot has shut down successfully]=- 
2017-01-12 15:46:24,377 [XNIO-1 task-9] INFO  fb-bot.env - 
-=[fb-bot started successfully using the development profile]=- 
2017-01-12 15:46:43,565 [XNIO-1 task-10] INFO  fb-bot.env - 
-=[fb-bot has shut down successfully]=- 
2017-01-12 15:46:43,567 [XNIO-1 task-10] INFO  fb-bot.env - 
-=[fb-bot started successfully using the development profile]=- 
2017-01-12 15:47:20,259 [XNIO-1 task-11] INFO  fb-bot.env - 
-=[fb-bot has shut down successfully]=- 
2017-01-12 15:47:20,265 [XNIO-1 task-11] INFO  fb-bot.env - 
-=[fb-bot started successfully using the development profile]=- 
2017-01-12 15:48:03,860 [XNIO-1 task-12] INFO  fb-bot.env - 
-=[fb-bot has shut down successfully]=- 
2017-01-12 15:48:03,863 [XNIO-1 task-12] INFO  fb-bot.env - 
-=[fb-bot started successfully using the development profile]=- 
2017-01-12 15:48:41,183 [XNIO-1 task-13] INFO  fb-bot.env - 
-=[fb-bot has shut down successfully]=- 
2017-01-12 15:48:41,190 [XNIO-1 task-13] INFO  fb-bot.env - 
-=[fb-bot started successfully using the development profile]=- 
2017-01-12 15:49:27,769 [XNIO-1 task-14] INFO  fb-bot.env - 
-=[fb-bot has shut down successfully]=- 
2017-01-12 15:49:27,771 [XNIO-1 task-14] INFO  fb-bot.env - 
-=[fb-bot started successfully using the development profile]=- 
2017-01-12 15:50:06,252 [XNIO-1 task-15] INFO  fb-bot.env - 
-=[fb-bot has shut down successfully]=- 
2017-01-12 15:50:06,254 [XNIO-1 task-15] INFO  fb-bot.env - 
-=[fb-bot started successfully using the development profile]=- 
2017-01-12 15:50:49,317 [XNIO-1 task-3] INFO  fb-bot.env - 
-=[fb-bot has shut down successfully]=- 
2017-01-12 15:50:49,319 [XNIO-1 task-3] INFO  fb-bot.env - 
-=[fb-bot started successfully using the development profile]=- 
2017-01-12 15:50:49,719 [XNIO-1 task-3] INFO  fb-bot.env - 
-=[fb-bot has shut down successfully]=- 
2017-01-12 15:50:49,722 [XNIO-1 task-3] INFO  fb-bot.env - 
-=[fb-bot started successfully using the development profile]=- 
2017-01-12 15:53:13,472 [XNIO-1 task-5] INFO  fb-bot.env - 
-=[fb-bot has shut down successfully]=- 
2017-01-12 15:53:13,474 [XNIO-1 task-5] INFO  fb-bot.env - 
-=[fb-bot started successfully using the development profile]=- 
2017-01-12 15:53:36,087 [XNIO-1 task-6] INFO  fb-bot.env - 
-=[fb-bot has shut down successfully]=- 
2017-01-12 15:53:36,089 [XNIO-1 task-6] INFO  fb-bot.env - 
-=[fb-bot started successfully using the development profile]=- 
2017-01-12 15:53:51,292 [XNIO-1 task-7] INFO  fb-bot.env - 
-=[fb-bot has shut down successfully]=- 
2017-01-12 15:53:51,295 [XNIO-1 task-7] INFO  fb-bot.env - 
-=[fb-bot started successfully using the development profile]=- 
2017-01-12 15:56:05,497 [XNIO-1 task-9] INFO  fb-bot.env - 
-=[fb-bot has shut down successfully]=- 
2017-01-12 15:56:05,499 [XNIO-1 task-9] INFO  fb-bot.env - 
-=[fb-bot started successfully using the development profile]=- 
2017-01-12 15:57:06,526 [XNIO-1 task-10] INFO  fb-bot.env - 
-=[fb-bot has shut down successfully]=- 
2017-01-12 15:57:06,528 [XNIO-1 task-10] INFO  fb-bot.env - 
-=[fb-bot started successfully using the development profile]=- 
2017-01-12 15:57:38,619 [XNIO-1 task-11] INFO  fb-bot.env - 
-=[fb-bot has shut down successfully]=- 
2017-01-12 15:57:38,626 [XNIO-1 task-11] INFO  fb-bot.env - 
-=[fb-bot started successfully using the development profile]=- 
2017-01-12 15:58:22,890 [XNIO-1 task-16] INFO  fb-bot.env - 
-=[fb-bot has shut down successfully]=- 
2017-01-12 15:58:22,891 [XNIO-1 task-16] INFO  fb-bot.env - 
-=[fb-bot started successfully using the development profile]=- 
2017-01-12 15:58:23,351 [XNIO-1 task-16] INFO  fb-bot.env - 
-=[fb-bot has shut down successfully]=- 
2017-01-12 15:58:23,353 [XNIO-1 task-16] INFO  fb-bot.env - 
-=[fb-bot started successfully using the development profile]=- 
2017-01-12 15:59:53,444 [XNIO-1 task-4] INFO  fb-bot.env - 
-=[fb-bot has shut down successfully]=- 
2017-01-12 15:59:53,450 [XNIO-1 task-4] INFO  fb-bot.env - 
-=[fb-bot started successfully using the development profile]=- 
2017-01-12 16:00:55,854 [XNIO-1 task-6] INFO  fb-bot.env - 
-=[fb-bot has shut down successfully]=- 
2017-01-12 16:00:55,856 [XNIO-1 task-6] INFO  fb-bot.env - 
-=[fb-bot started successfully using the development profile]=- 
2017-01-12 16:02:38,288 [XNIO-1 task-9] INFO  fb-bot.env - 
-=[fb-bot has shut down successfully]=- 
2017-01-12 16:02:38,300 [XNIO-1 task-9] INFO  fb-bot.env - 
-=[fb-bot started successfully using the development profile]=- 
2017-01-12 23:55:34,161 [main] DEBUG org.jboss.logging - Logging Provider: org.jboss.logging.Slf4jLoggerProvider 
2017-01-12 23:55:35,658 [main] INFO  fb-bot.env - 
-=[fb-bot started successfully using the development profile]=- 
2017-01-12 23:55:36,225 [main] INFO  luminus.http-server - starting HTTP server on port 3000 
2017-01-12 23:55:36,582 [main] INFO  org.xnio - XNIO version 3.3.6.Final 
2017-01-12 23:55:37,226 [main] INFO  org.projectodd.wunderboss.web.Web - Registered web context / 
2017-01-12 23:55:37,232 [main] INFO  luminus.repl-server - starting nREPL server on port 7000 
2017-01-12 23:55:37,303 [main] INFO  fb-bot.core - #'fb-bot.config/env started 
2017-01-12 23:55:37,306 [main] INFO  fb-bot.core - #'fb-bot.handler/init-app started 
2017-01-12 23:55:37,307 [main] INFO  fb-bot.core - #'fb-bot.core/http-server started 
2017-01-12 23:55:37,309 [main] INFO  fb-bot.core - #'fb-bot.core/repl-server started 
2017-01-12 23:56:09,238 [Thread-2] INFO  luminus.repl-server - nREPL server stopped 
2017-01-12 23:56:09,242 [Thread-2] DEBUG org.projectodd.wunderboss.WunderBoss - Returning existing component for org.projectodd.wunderboss.web.Web:-1645144552, ignoring options. 
2017-01-12 23:56:09,251 [Thread-2] INFO  luminus.http-server - HTTP server stopped 
2017-01-12 23:56:09,253 [Thread-2] INFO  fb-bot.env - 
-=[fb-bot has shut down successfully]=- 
2017-01-12 23:56:09,258 [Thread-2] INFO  fb-bot.core - #'fb-bot.core/repl-server stopped 
2017-01-12 23:56:09,260 [Thread-2] INFO  fb-bot.core - #'fb-bot.core/http-server stopped 
2017-01-12 23:56:09,268 [Thread-2] INFO  fb-bot.core - #'fb-bot.handler/init-app stopped 
2017-01-12 23:57:34,594 [main] DEBUG org.jboss.logging - Logging Provider: org.jboss.logging.Slf4jLoggerProvider 
2017-01-12 23:57:36,634 [main] INFO  fb-bot.env - 
-=[fb-bot started successfully using the development profile]=- 
2017-01-12 23:57:37,201 [main] INFO  luminus.http-server - starting HTTP server on port 3000 
2017-01-12 23:57:37,478 [main] INFO  org.xnio - XNIO version 3.3.6.Final 
2017-01-12 23:57:38,063 [main] INFO  org.projectodd.wunderboss.web.Web - Registered web context / 
2017-01-12 23:57:38,071 [main] INFO  luminus.repl-server - starting nREPL server on port 7000 
2017-01-12 23:57:38,136 [main] INFO  fb-bot.core - #'fb-bot.config/env started 
2017-01-12 23:57:38,138 [main] INFO  fb-bot.core - #'fb-bot.handler/init-app started 
2017-01-12 23:57:38,139 [main] INFO  fb-bot.core - #'fb-bot.core/http-server started 
2017-01-12 23:57:38,139 [main] INFO  fb-bot.core - #'fb-bot.core/repl-server started 
